#
# There is insufficient memory for the Java Runtime Environment to continue.
# Native memory allocation (mmap) failed to map 266338304 bytes for Failed to commit area from 0x0000000702600000 to 0x0000000712400000 of length 266338304.
# Possible reasons:
#   The system is out of physical RAM or swap space
#   The process is running with CompressedOops enabled, and the Java Heap may be blocking the growth of the native heap
# Possible solutions:
#   Reduce memory load on the system
#   Increase physical memory or swap space
#   Check if swap backing store is full
#   Decrease Java heap size (-Xmx/-Xms)
#   Decrease number of Java threads
#   Decrease Java thread stack sizes (-Xss)
#   Set larger code cache with -XX:ReservedCodeCacheSize=
# This output file may be truncated or incomplete.
#
#  Out of Memory Error (./open/src/hotspot/os/windows/os_windows.cpp:3276), pid=10576, tid=33048
#
# JRE version:  (11.0.13+10) (build )
# Java VM: Java HotSpot(TM) 64-Bit Server VM (11.0.13+10-LTS-370, mixed mode, sharing, tiered, compressed oops, g1 gc, windows-amd64)
# No core dump will be written. Minidumps are not enabled by default on client versions of Windows
#

---------------  S U M M A R Y ------------

Command Line: C:\Users\artis\AppData\Local\Temp\surefire5526761478581869714\surefirebooter18032649106318683349.jar C:\Users\artis\AppData\Local\Temp\surefire5526761478581869714 2022-03-23T19-24-28_411-jvmRun1 surefire10759933557311110926tmp surefire_08682479710442167874tmp

Host: Intel(R) Core(TM) i7-8750H CPU @ 2.20GHz, 12 cores, 15G,  Windows 10 , 64 bit Build 22000 (10.0.22000.434)
Time: Wed Mar 23 19:24:29 2022 GMT Standard Time elapsed time: 0.009853 seconds (0d 0h 0m 0s)

---------------  T H R E A D  ---------------

Current thread (0x000001df4449d000):  JavaThread "Unknown thread" [_thread_in_vm, id=33048, stack(0x00000036ed200000,0x00000036ed300000)]

Stack: [0x00000036ed200000,0x00000036ed300000]
Native frames: (J=compiled Java code, j=interpreted, Vv=VM code, C=native code)
V  [jvm.dll+0x62870a]
V  [jvm.dll+0x761f2f]
V  [jvm.dll+0x7635d9]
V  [jvm.dll+0x763c63]
V  [jvm.dll+0x23d728]
V  [jvm.dll+0x625aba]
V  [jvm.dll+0x61a855]
V  [jvm.dll+0x2f242c]
V  [jvm.dll+0x2f22b2]
V  [jvm.dll+0x2f6fd6]
V  [jvm.dll+0x3395ff]
V  [jvm.dll+0x339030]
V  [jvm.dll+0x2cfa38]
V  [jvm.dll+0x2d0ba6]
V  [jvm.dll+0x73c547]
V  [jvm.dll+0x73dddf]
V  [jvm.dll+0x346369]
V  [jvm.dll+0x721e60]
V  [jvm.dll+0x3b500f]
V  [jvm.dll+0x3b7121]
C  [jli.dll+0x5207]
C  [ucrtbase.dll+0x26c0c]
C  [KERNEL32.DLL+0x154e0]
C  [ntdll.dll+0x485b]


---------------  P R O C E S S  ---------------

Threads class SMR info:
_java_thread_list=0x000001df44191a60, length=0, elements={
}

Java Threads: ( => current thread )

Other Threads:
  0x000001df444b3000 GCTaskThread "GC Thread#0" [stack: 0x00000036ed300000,0x00000036ed400000] [id=26568]
  0x000001df44510000 ConcurrentGCThread "G1 Main Marker" [stack: 0x00000036ed400000,0x00000036ed500000] [id=22164]
  0x000001df44511800 ConcurrentGCThread "G1 Conc#0" [stack: 0x00000036ed500000,0x00000036ed600000] [id=8656]

[error occurred during error reporting (printing all threads), id 0xc0000005, EXCEPTION_ACCESS_VIOLATION (0xc0000005) at pc=0x00007ffa8bc5ecc7]

VM state:not at safepoint (not fully initialized)

VM Mutex/Monitor currently owned by a thread:  ([mutex/lock_event])
[0x000001df4449a480] Heap_lock - owner thread: 0x000001df4449d000

Heap address: 0x0000000702600000, size: 4058 MB, Compressed Oops mode: Non-zero based: 0x0000000702600000
Narrow klass base: 0x0000000000000000, Narrow klass shift: 0

GC Heap History (0 events):
No events

Deoptimization events (0 events):
No events

Classes redefined (0 events):
No events

Internal exceptions (0 events):
No events

Events (0 events):
No events


Dynamic libraries:
0x00007ff66fb70000 - 0x00007ff66fb7f000 	C:\Program Files\Java\jdk-11.0.13\bin\java.exe
0x00007ffadf440000 - 0x00007ffadf649000 	C:\WINDOWS\SYSTEM32\ntdll.dll
0x00007ffade170000 - 0x00007ffade22d000 	C:\WINDOWS\System32\KERNEL32.DLL
0x00007ffadca50000 - 0x00007ffadcdc4000 	C:\WINDOWS\System32\KERNELBASE.dll
0x00007ffadcfb0000 - 0x00007ffadd0c1000 	C:\WINDOWS\System32\ucrtbase.dll
0x00007ffab6bf0000 - 0x00007ffab6c08000 	C:\Program Files\Java\jdk-11.0.13\bin\jli.dll
0x00007ffab1d10000 - 0x00007ffab1d25000 	C:\Program Files\Java\jdk-11.0.13\bin\VCRUNTIME140.dll
0x00007ffaddfd0000 - 0x00007ffade07e000 	C:\WINDOWS\System32\ADVAPI32.dll
0x00007ffaddf00000 - 0x00007ffaddfa3000 	C:\WINDOWS\System32\msvcrt.dll
0x00007ffadea60000 - 0x00007ffadeafe000 	C:\WINDOWS\System32\sechost.dll
0x00007ffadd350000 - 0x00007ffadd470000 	C:\WINDOWS\System32\RPCRT4.dll
0x00007ffadd480000 - 0x00007ffadd62c000 	C:\WINDOWS\System32\USER32.dll
0x00007ffadd0d0000 - 0x00007ffadd0f6000 	C:\WINDOWS\System32\win32u.dll
0x00007ffac3b30000 - 0x00007ffac3dd5000 	C:\WINDOWS\WinSxS\amd64_microsoft.windows.common-controls_6595b64144ccf1df_6.0.22000.120_none_9d947278b86cc467\COMCTL32.dll
0x00007ffade2a0000 - 0x00007ffade2c9000 	C:\WINDOWS\System32\GDI32.dll
0x00007ffadcdd0000 - 0x00007ffadcee2000 	C:\WINDOWS\System32\gdi32full.dll
0x00007ffadc9b0000 - 0x00007ffadca4d000 	C:\WINDOWS\System32\msvcp_win.dll
0x00007ffad6be0000 - 0x00007ffad6bea000 	C:\WINDOWS\SYSTEM32\VERSION.dll
0x00007ffadde50000 - 0x00007ffadde81000 	C:\WINDOWS\System32\IMM32.DLL
0x00007ffaa2f60000 - 0x00007ffaa2ffb000 	C:\Program Files\Java\jdk-11.0.13\bin\msvcp140.dll
0x00007ffa8b980000 - 0x00007ffa8c493000 	C:\Program Files\Java\jdk-11.0.13\bin\server\jvm.dll
0x00007ffadde90000 - 0x00007ffadde98000 	C:\WINDOWS\System32\PSAPI.DLL
0x00007ffad4a30000 - 0x00007ffad4a39000 	C:\WINDOWS\SYSTEM32\WSOCK32.dll
0x00007ffad17b0000 - 0x00007ffad17e3000 	C:\WINDOWS\SYSTEM32\WINMM.dll
0x00007ffade230000 - 0x00007ffade29f000 	C:\WINDOWS\System32\WS2_32.dll
0x00007ffadbb20000 - 0x00007ffadbb38000 	C:\WINDOWS\SYSTEM32\kernel.appcore.dll
0x00007ffacbad0000 - 0x00007ffacbae0000 	C:\Program Files\Java\jdk-11.0.13\bin\verify.dll
0x00007ffad6090000 - 0x00007ffad62b1000 	C:\WINDOWS\SYSTEM32\DBGHELP.DLL
0x00007ffad5f60000 - 0x00007ffad5f91000 	C:\WINDOWS\SYSTEM32\dbgcore.DLL
0x00007ffadc930000 - 0x00007ffadc9af000 	C:\WINDOWS\System32\bcryptPrimitives.dll
0x00007ffaac810000 - 0x00007ffaac838000 	C:\Program Files\Java\jdk-11.0.13\bin\java.dll
0x00007ffacba10000 - 0x00007ffacba1a000 	C:\Program Files\Java\jdk-11.0.13\bin\jimage.dll
0x00007ffab1660000 - 0x00007ffab1676000 	C:\Program Files\Java\jdk-11.0.13\bin\zip.dll

dbghelp: loaded successfully - version: 4.0.5 - missing functions: none
symbol engine: initialized successfully - sym options: 0x614 - pdb path: .;C:\Program Files\Java\jdk-11.0.13\bin;C:\WINDOWS\SYSTEM32;C:\WINDOWS\WinSxS\amd64_microsoft.windows.common-controls_6595b64144ccf1df_6.0.22000.120_none_9d947278b86cc467;C:\Program Files\Java\jdk-11.0.13\bin\server

VM Arguments:
java_command: C:\Users\artis\AppData\Local\Temp\surefire5526761478581869714\surefirebooter18032649106318683349.jar C:\Users\artis\AppData\Local\Temp\surefire5526761478581869714 2022-03-23T19-24-28_411-jvmRun1 surefire10759933557311110926tmp surefire_08682479710442167874tmp
java_class_path (initial): C:\Users\artis\AppData\Local\Temp\surefire5526761478581869714\surefirebooter18032649106318683349.jar
Launcher Type: SUN_STANDARD

[Global flags]
     intx CICompilerCount                          = 4                                         {product} {ergonomic}
     uint ConcGCThreads                            = 3                                         {product} {ergonomic}
     uint G1ConcRefinementThreads                  = 10                                        {product} {ergonomic}
   size_t G1HeapRegionSize                         = 1048576                                   {product} {ergonomic}
    uintx GCDrainStackTargetSize                   = 64                                        {product} {ergonomic}
   size_t InitialHeapSize                          = 266338304                                 {product} {ergonomic}
   size_t MarkStackSize                            = 4194304                                   {product} {ergonomic}
   size_t MaxHeapSize                              = 4255121408                                {product} {ergonomic}
   size_t MinHeapDeltaBytes                        = 1048576                                   {product} {ergonomic}
    uintx NonNMethodCodeHeapSize                   = 5836300                                {pd product} {ergonomic}
    uintx NonProfiledCodeHeapSize                  = 122910970                              {pd product} {ergonomic}
    uintx ProfiledCodeHeapSize                     = 122910970                              {pd product} {ergonomic}
    uintx ReservedCodeCacheSize                    = 251658240                              {pd product} {ergonomic}
     bool SegmentedCodeCache                       = true                                      {product} {ergonomic}
     bool UseCompressedClassPointers               = true                                 {lp64_product} {ergonomic}
     bool UseCompressedOops                        = true                                 {lp64_product} {ergonomic}
     bool UseG1GC                                  = true                                      {product} {ergonomic}
     bool UseLargePagesIndividualAllocation        = false                                  {pd product} {ergonomic}

Logging:
Log output configuration:
 #0: stdout all=warning uptime,level,tags
 #1: stderr all=off uptime,level,tags

Environment Variables:
PATH=C:\Program Files\Common Files\Oracle\Java\javapath;C:\Program Files\Microsoft MPI\Bin\;C:\Program Files (x86)\Intel\Intel(R) Management Engine Components\iCLS\;C:\Program Files\Intel\Intel(R) Management Engine Components\iCLS\;C:\Windows\system32;C:\Windows;C:\Windows\System32\Wbem;C:\Windows\System32\WindowsPowerShell\v1.0\;C:\Windows\System32\OpenSSH\;C:\Program Files (x86)\Intel\Intel(R) Management Engine Components\DAL;C:\Program Files\Intel\Intel(R) Management Engine Components\DAL;C:\Program Files (x86)\Intel\Intel(R) Management Engine Components\IPT;C:\Program Files\Intel\Intel(R) Management Engine Components\IPT;C:\Program Files (x86)\NVIDIA Corporation\PhysX\Common;C:\Program Files\PuTTY\;C:\WINDOWS\system32;C:\WINDOWS;C:\WINDOWS\System32\Wbem;C:\WINDOWS\System32\WindowsPowerShell\v1.0\;C:\WINDOWS\System32\OpenSSH\;C:\Program Files\NVIDIA Corporation\NVIDIA NvDLISR;C:\Program Files (x86)\IDEMIA\AWP\Dlls;C:\Program Files\IDEMIA\AWP\Dlls;C:\Program Files\Gemalto\Classic Client\BIN;C:\Program Files (x86)\Gemalto\Classic Client\BIN;C:\Program Files (x86)\Oberthur Technologies\AWP\Dlls;C:\Program Files\Oberthur Technologies\AWP\Dlls;C:\Program Files\Git\cmd;C:\Program Files\Notepad++;C:\Program Files\Perforce\;C:\Users\artis\sqlite-tools-win32-x86-3340000;C:\WINDOWS\system32;C:\WINDOWS;C:\WINDOWS\System32\Wbem;C:\WINDOWS\System32\WindowsPowerShell\v1.0\;C:\WINDOWS\System32\OpenSSH\;C:\msys64\mingw64\bin;C:\Program Files\Java\jdk-11.0.13\bin;C:\Program Files\apache-maven-3.8.5\bin;C:\Program Files\nodejs\;C:\Users\artis\AppData\Local\Programs\Python\Python39\Scripts\;C:\Users\artis\AppData\Local\Programs\Python\Python39\;C:\Users\artis\AppData\Local\Microsoft\WindowsApps;C:\Program Files\JetBrains\IntelliJ IDEA 2019.2.4\bin;C:\Program Files\JetBrains\PhpStorm 2019.3.3\bin;C:\Program Files\JetBrains\PyCharm\bin;C:\Users\artis\AppData\Local\Microsoft\WindowsApps;C:\Users\artis\AppData\Local\Google\Cloud SDK\google-cloud-sdk\bin;C:\Program Files\Heroku\bin;C:\User
USERNAME=artis
OS=Windows_NT
PROCESSOR_IDENTIFIER=Intel64 Family 6 Model 158 Stepping 10, GenuineIntel



---------------  S Y S T E M  ---------------

OS: Windows 10 , 64 bit Build 22000 (10.0.22000.434)

CPU:total 12 (initial active 12) (6 cores per cpu, 2 threads per core) family 6 model 158 stepping 10 microcode 0xde, cmov, cx8, fxsr, mmx, sse, sse2, sse3, ssse3, sse4.1, sse4.2, popcnt, avx, avx2, aes, clmul, erms, 3dnowpref, lzcnt, ht, tsc, tscinvbit, bmi1, bmi2, adx, fma

Memory: 4k page, system-wide physical 16230M (856M free)
TotalPageFile size 34544M (AvailPageFile size 108M)
current process WorkingSet (physical memory assigned to process): 10M, peak: 10M
current process commit charge ("private bytes"): 64M, peak: 318M

vm_info: Java HotSpot(TM) 64-Bit Server VM (11.0.13+10-LTS-370) for windows-amd64 JRE (11.0.13+10-LTS-370), built on Sep 15 2021 22:10:36 by "mach5one" with MS VC++ 15.9 (VS2017)

END.
